This is pdfTeX, Version 3.1415926-2.5-1.40.14 (TeX Live 2013) (format=pdflatex 2013.5.30)  14 JAN 2014 12:33
entering extended mode
 restricted \write18 enabled.
 %&-line parsing enabled.
**report.tex
(./report.tex
LaTeX2e <2011/06/27>
Babel <3.9f> and hyphenation patterns for 78 languages loaded.
(/usr/local/texlive/2013/texmf-dist/tex/latex/base/report.cls
Document Class: report 2007/10/19 v1.4h Standard LaTeX document class
(/usr/local/texlive/2013/texmf-dist/tex/latex/base/size10.clo
File: size10.clo 2007/10/19 v1.4h Standard LaTeX file (size option)
)
\c@part=\count79
\c@chapter=\count80
\c@section=\count81
\c@subsection=\count82
\c@subsubsection=\count83
\c@paragraph=\count84
\c@subparagraph=\count85
\c@figure=\count86
\c@table=\count87
\abovecaptionskip=\skip41
\belowcaptionskip=\skip42
\bibindent=\dimen102
)
(/usr/local/texlive/2013/texmf-dist/tex/latex/preprint/fullpage.sty
Package: fullpage 1999/02/23 1.1 (PWD)
\FP@margin=\skip43
)
(/usr/local/texlive/2013/texmf-dist/tex/latex/geometry/geometry.sty
Package: geometry 2010/09/12 v5.6 Page Geometry

(/usr/local/texlive/2013/texmf-dist/tex/latex/graphics/keyval.sty
Package: keyval 1999/03/16 v1.13 key=value parser (DPC)
\KV@toks@=\toks14
)
(/usr/local/texlive/2013/texmf-dist/tex/generic/oberdiek/ifpdf.sty
Package: ifpdf 2011/01/30 v2.3 Provides the ifpdf switch (HO)
Package ifpdf Info: pdfTeX in PDF mode is detected.
)
(/usr/local/texlive/2013/texmf-dist/tex/generic/oberdiek/ifvtex.sty
Package: ifvtex 2010/03/01 v1.5 Detect VTeX and its facilities (HO)
Package ifvtex Info: VTeX not detected.
)
(/usr/local/texlive/2013/texmf-dist/tex/generic/ifxetex/ifxetex.sty
Package: ifxetex 2010/09/12 v0.6 Provides ifxetex conditional
)
\Gm@cnth=\count88
\Gm@cntv=\count89
\c@Gm@tempcnt=\count90
\Gm@bindingoffset=\dimen103
\Gm@wd@mp=\dimen104
\Gm@odd@mp=\dimen105
\Gm@even@mp=\dimen106
\Gm@layoutwidth=\dimen107
\Gm@layoutheight=\dimen108
\Gm@layouthoffset=\dimen109
\Gm@layoutvoffset=\dimen110
\Gm@dimlist=\toks15
)
(/usr/local/texlive/2013/texmf-dist/tex/latex/hyperref/hyperref.sty
Package: hyperref 2012/11/06 v6.83m Hypertext links for LaTeX

(/usr/local/texlive/2013/texmf-dist/tex/generic/oberdiek/hobsub-hyperref.sty
Package: hobsub-hyperref 2012/05/28 v1.13 Bundle oberdiek, subset hyperref (HO)


(/usr/local/texlive/2013/texmf-dist/tex/generic/oberdiek/hobsub-generic.sty
Package: hobsub-generic 2012/05/28 v1.13 Bundle oberdiek, subset generic (HO)
Package: hobsub 2012/05/28 v1.13 Construct package bundles (HO)
Package: infwarerr 2010/04/08 v1.3 Providing info/warning/error messages (HO)
Package: ltxcmds 2011/11/09 v1.22 LaTeX kernel commands for general use (HO)
Package: ifluatex 2010/03/01 v1.3 Provides the ifluatex switch (HO)
Package ifluatex Info: LuaTeX not detected.
Package hobsub Info: Skipping package `ifvtex' (already loaded).
Package: intcalc 2007/09/27 v1.1 Expandable calculations with integers (HO)
Package hobsub Info: Skipping package `ifpdf' (already loaded).
Package: etexcmds 2011/02/16 v1.5 Avoid name clashes with e-TeX commands (HO)
Package etexcmds Info: Could not find \expanded.
(etexcmds)             That can mean that you are not using pdfTeX 1.50 or
(etexcmds)             that some package has redefined \expanded.
(etexcmds)             In the latter case, load this package earlier.
Package: kvsetkeys 2012/04/25 v1.16 Key value parser (HO)
Package: kvdefinekeys 2011/04/07 v1.3 Define keys (HO)
Package: pdftexcmds 2011/11/29 v0.20 Utility functions of pdfTeX for LuaTeX (HO
)
Package pdftexcmds Info: LuaTeX not detected.
Package pdftexcmds Info: \pdf@primitive is available.
Package pdftexcmds Info: \pdf@ifprimitive is available.
Package pdftexcmds Info: \pdfdraftmode found.
Package: pdfescape 2011/11/25 v1.13 Implements pdfTeX's escape features (HO)
Package: bigintcalc 2012/04/08 v1.3 Expandable calculations on big integers (HO
)
Package: bitset 2011/01/30 v1.1 Handle bit-vector datatype (HO)
Package: uniquecounter 2011/01/30 v1.2 Provide unlimited unique counter (HO)
)
Package hobsub Info: Skipping package `hobsub' (already loaded).
Package: letltxmacro 2010/09/02 v1.4 Let assignment for LaTeX macros (HO)
Package: hopatch 2012/05/28 v1.2 Wrapper for package hooks (HO)
Package: xcolor-patch 2011/01/30 xcolor patch
Package: atveryend 2011/06/30 v1.8 Hooks at the very end of document (HO)
Package atveryend Info: \enddocument detected (standard20110627).
Package: atbegshi 2011/10/05 v1.16 At begin shipout hook (HO)
Package: refcount 2011/10/16 v3.4 Data extraction from label references (HO)
Package: hycolor 2011/01/30 v1.7 Color options for hyperref/bookmark (HO)
)
(/usr/local/texlive/2013/texmf-dist/tex/latex/oberdiek/auxhook.sty
Package: auxhook 2011/03/04 v1.3 Hooks for auxiliary files (HO)
)
(/usr/local/texlive/2013/texmf-dist/tex/latex/oberdiek/kvoptions.sty
Package: kvoptions 2011/06/30 v3.11 Key value format for package options (HO)
)
\@linkdim=\dimen111
\Hy@linkcounter=\count91
\Hy@pagecounter=\count92

(/usr/local/texlive/2013/texmf-dist/tex/latex/hyperref/pd1enc.def
File: pd1enc.def 2012/11/06 v6.83m Hyperref: PDFDocEncoding definition (HO)
)
\Hy@SavedSpaceFactor=\count93

(/usr/local/texlive/2013/texmf-dist/tex/latex/latexconfig/hyperref.cfg
File: hyperref.cfg 2002/06/06 v1.2 hyperref configuration of TeXLive
)
Package hyperref Info: Hyper figures OFF on input line 4443.
Package hyperref Info: Link nesting OFF on input line 4448.
Package hyperref Info: Hyper index ON on input line 4451.
Package hyperref Info: Plain pages OFF on input line 4458.
Package hyperref Info: Backreferencing OFF on input line 4463.
Package hyperref Info: Implicit mode ON; LaTeX internals redefined.
Package hyperref Info: Bookmarks ON on input line 4688.
\c@Hy@tempcnt=\count94

(/usr/local/texlive/2013/texmf-dist/tex/latex/url/url.sty
\Urlmuskip=\muskip10
Package: url 2006/04/12  ver 3.3  Verb mode for urls, etc.
)
LaTeX Info: Redefining \url on input line 5041.
\XeTeXLinkMargin=\dimen112
\Fld@menulength=\count95
\Field@Width=\dimen113
\Fld@charsize=\dimen114
Package hyperref Info: Hyper figures OFF on input line 6295.
Package hyperref Info: Link nesting OFF on input line 6300.
Package hyperref Info: Hyper index ON on input line 6303.
Package hyperref Info: backreferencing OFF on input line 6310.
Package hyperref Info: Link coloring OFF on input line 6315.
Package hyperref Info: Link coloring with OCG OFF on input line 6320.
Package hyperref Info: PDF/A mode OFF on input line 6325.
LaTeX Info: Redefining \ref on input line 6365.
LaTeX Info: Redefining \pageref on input line 6369.
\Hy@abspage=\count96
\c@Item=\count97
\c@Hfootnote=\count98
)

Package hyperref Message: Driver (autodetected): hpdftex.

(/usr/local/texlive/2013/texmf-dist/tex/latex/hyperref/hpdftex.def
File: hpdftex.def 2012/11/06 v6.83m Hyperref driver for pdfTeX
\Fld@listcount=\count99
\c@bookmark@seq@number=\count100

(/usr/local/texlive/2013/texmf-dist/tex/latex/oberdiek/rerunfilecheck.sty
Package: rerunfilecheck 2011/04/15 v1.7 Rerun checks for auxiliary files (HO)
Package uniquecounter Info: New unique counter `rerunfilecheck' on input line 2
82.
)
\Hy@SectionHShift=\skip44
)
(/usr/local/texlive/2013/texmf-dist/tex/latex/amsfonts/amsfonts.sty
Package: amsfonts 2013/01/14 v3.01 Basic AMSFonts support
\@emptytoks=\toks16
\symAMSa=\mathgroup4
\symAMSb=\mathgroup5
LaTeX Font Info:    Overwriting math alphabet `\mathfrak' in version `bold'
(Font)                  U/euf/m/n --> U/euf/b/n on input line 106.
)
(/usr/local/texlive/2013/texmf-dist/tex/latex/float/float.sty
Package: float 2001/11/08 v1.3d Float enhancements (AL)
\c@float@type=\count101
\float@exts=\toks17
\float@box=\box26
\@float@everytoks=\toks18
\@floatcapt=\box27
)
(/usr/local/texlive/2013/texmf-dist/tex/latex/graphics/graphicx.sty
Package: graphicx 1999/02/16 v1.0f Enhanced LaTeX Graphics (DPC,SPQR)

(/usr/local/texlive/2013/texmf-dist/tex/latex/graphics/graphics.sty
Package: graphics 2009/02/05 v1.0o Standard LaTeX Graphics (DPC,SPQR)

(/usr/local/texlive/2013/texmf-dist/tex/latex/graphics/trig.sty
Package: trig 1999/03/16 v1.09 sin cos tan (DPC)
)
(/usr/local/texlive/2013/texmf-dist/tex/latex/latexconfig/graphics.cfg
File: graphics.cfg 2010/04/23 v1.9 graphics configuration of TeX Live
)
Package graphics Info: Driver file: pdftex.def on input line 91.

(/usr/local/texlive/2013/texmf-dist/tex/latex/pdftex-def/pdftex.def
File: pdftex.def 2011/05/27 v0.06d Graphics/color for pdfTeX
\Gread@gobject=\count102
))
\Gin@req@height=\dimen115
\Gin@req@width=\dimen116
)
(/usr/local/texlive/2013/texmf-dist/tex/latex/caption/caption.sty
Package: caption 2013/05/02 v3.3-89 Customizing captions (AR)

(/usr/local/texlive/2013/texmf-dist/tex/latex/caption/caption3.sty
Package: caption3 2013/05/02 v1.6-88 caption3 kernel (AR)
Package caption3 Info: TeX engine: e-TeX on input line 57.
\captionmargin=\dimen117
\captionmargin@=\dimen118
\captionwidth=\dimen119
\caption@tempdima=\dimen120
\caption@indent=\dimen121
\caption@parindent=\dimen122
\caption@hangindent=\dimen123
)
\c@ContinuedFloat=\count103
Package caption Info: float package is loaded.
Package caption Info: hyperref package is loaded.
)
(/usr/local/texlive/2013/texmf-dist/tex/latex/caption/subcaption.sty
Package: subcaption 2013/02/03 v1.1-62 Sub-captions (AR)
\c@subfigure=\count104
\c@subtable=\count105
)
(/usr/local/texlive/2013/texmf-dist/tex/latex/graphics/color.sty
Package: color 2005/11/14 v1.0j Standard LaTeX Color (DPC)

(/usr/local/texlive/2013/texmf-dist/tex/latex/latexconfig/color.cfg
File: color.cfg 2007/01/18 v1.5 color configuration of teTeX/TeXLive
)
Package color Info: Driver file: pdftex.def on input line 130.
)
No file report.aux.
\openout1 = `report.aux'.

LaTeX Font Info:    Checking defaults for OML/cmm/m/it on input line 14.
LaTeX Font Info:    ... okay on input line 14.
LaTeX Font Info:    Checking defaults for T1/cmr/m/n on input line 14.
LaTeX Font Info:    ... okay on input line 14.
LaTeX Font Info:    Checking defaults for OT1/cmr/m/n on input line 14.
LaTeX Font Info:    ... okay on input line 14.
LaTeX Font Info:    Checking defaults for OMS/cmsy/m/n on input line 14.
LaTeX Font Info:    ... okay on input line 14.
LaTeX Font Info:    Checking defaults for OMX/cmex/m/n on input line 14.
LaTeX Font Info:    ... okay on input line 14.
LaTeX Font Info:    Checking defaults for U/cmr/m/n on input line 14.
LaTeX Font Info:    ... okay on input line 14.
LaTeX Font Info:    Checking defaults for PD1/pdf/m/n on input line 14.
LaTeX Font Info:    ... okay on input line 14.
*geometry* driver: auto-detecting
*geometry* detected driver: pdftex
*geometry* verbose mode - [ preamble ] result:
* driver: pdftex
* paper: <default>
* layout: <same size as paper>
* layoutoffset:(h,v)=(0.0pt,0.0pt)
* modes: 
* h-part:(L,W,R)=(54.2025pt, 505.89pt, 54.2025pt)
* v-part:(T,H,B)=(54.2025pt, 686.56499pt, 54.2025pt)
* \paperwidth=614.295pt
* \paperheight=794.96999pt
* \textwidth=505.89pt
* \textheight=686.56499pt
* \oddsidemargin=-18.06749pt
* \evensidemargin=-18.06749pt
* \topmargin=-18.06749pt
* \headheight=0.0pt
* \headsep=0.0pt
* \topskip=10.0pt
* \footskip=30.0pt
* \marginparwidth=65.0pt
* \marginparsep=11.0pt
* \columnsep=10.0pt
* \skip\footins=9.0pt plus 4.0pt minus 2.0pt
* \hoffset=0.0pt
* \voffset=0.0pt
* \mag=1000
* \@twocolumnfalse
* \@twosidefalse
* \@mparswitchfalse
* \@reversemarginfalse
* (1in=72.27pt=25.4mm, 1cm=28.453pt)

\AtBeginShipoutBox=\box28
Package hyperref Info: Link coloring OFF on input line 14.
(/usr/local/texlive/2013/texmf-dist/tex/latex/hyperref/nameref.sty
Package: nameref 2012/10/27 v2.43 Cross-referencing by name of section

(/usr/local/texlive/2013/texmf-dist/tex/generic/oberdiek/gettitlestring.sty
Package: gettitlestring 2010/12/03 v1.4 Cleanup title references (HO)
)
\c@section@level=\count106
)
LaTeX Info: Redefining \ref on input line 14.
LaTeX Info: Redefining \pageref on input line 14.
LaTeX Info: Redefining \nameref on input line 14.
\@outlinefile=\write3
\openout3 = `report.out'.


(/usr/local/texlive/2013/texmf-dist/tex/context/base/supp-pdf.mkii
[Loading MPS to PDF converter (version 2006.09.02).]
\scratchcounter=\count107
\scratchdimen=\dimen124
\scratchbox=\box29
\nofMPsegments=\count108
\nofMParguments=\count109
\everyMPshowfont=\toks19
\MPscratchCnt=\count110
\MPscratchDim=\dimen125
\MPnumerator=\count111
\makeMPintoPDFobject=\count112
\everyMPtoPDFconversion=\toks20
) (/usr/local/texlive/2013/texmf-dist/tex/latex/oberdiek/epstopdf-base.sty
Package: epstopdf-base 2010/02/09 v2.5 Base part for package epstopdf

(/usr/local/texlive/2013/texmf-dist/tex/latex/oberdiek/grfext.sty
Package: grfext 2010/08/19 v1.1 Manage graphics extensions (HO)
)
Package grfext Info: Graphics extension search list:
(grfext)             [.png,.pdf,.jpg,.mps,.jpeg,.jbig2,.jb2,.PNG,.PDF,.JPG,.JPE
G,.JBIG2,.JB2,.eps]
(grfext)             \AppendGraphicsExtensions on input line 452.

(/usr/local/texlive/2013/texmf-dist/tex/latex/latexconfig/epstopdf-sys.cfg
File: epstopdf-sys.cfg 2010/07/13 v1.3 Configuration of (r)epstopdf for TeX Liv
e
))
Package caption Info: Begin \AtBeginDocument code.
Package caption Info: End \AtBeginDocument code.
LaTeX Font Info:    Try loading font information for U+msa on input line 16.

(/usr/local/texlive/2013/texmf-dist/tex/latex/amsfonts/umsa.fd
File: umsa.fd 2013/01/14 v3.01 AMS symbols A
)
LaTeX Font Info:    Try loading font information for U+msb on input line 16.

(/usr/local/texlive/2013/texmf-dist/tex/latex/amsfonts/umsb.fd
File: umsb.fd 2013/01/14 v3.01 AMS symbols B
) [1

{/usr/local/texlive/2013/texmf-var/fonts/map/pdftex/updmap/pdftex.map}]
\tf@toc=\write4
\openout4 = `report.toc'.

pdfTeX warning (ext4): destination with the same identifier (name{page.1}) has 
been already used, duplicate ignored
<to be read again> 
                   \relax 
l.18 \chapter
             {Introduction} [1

]
Chapter 1.

LaTeX Warning: Citation `google_blog' on page 2 undefined on input line 29.


LaTeX Warning: Citation `gist_descriptor' on page 2 undefined on input line 30.


[2

]

LaTeX Warning: Citation `gist_descriptor' on page 3 undefined on input line 32.


[3]
Chapter 2.

LaTeX Warning: Reference `sec:color' on page 4 undefined on input line 36.


LaTeX Warning: Reference `sec:FFT' on page 4 undefined on input line 36.


LaTeX Warning: Reference `sec:SVD' on page 4 undefined on input line 36.


LaTeX Warning: Citation `gist_descriptor' on page 4 undefined on input line 41.


[4

]

LaTeX Warning: Citation `color_model_ref' on page 5 undefined on input line 59.



LaTeX Warning: Reference `fig:rgb_cube' on page 5 undefined on input line 59.

<graphics/rgb_cube.png, id=41, 321.2pt x 244.915pt>
File: graphics/rgb_cube.png Graphic file (type png)

<use graphics/rgb_cube.png>
Package pdftex.def Info: graphics/rgb_cube.png used on input line 62.
(pdftex.def)             Requested size: 160.59961pt x 122.45718pt.


LaTeX Warning: Citation `color_model_ref' on page 5 undefined on input line 67.



LaTeX Warning: Reference `fig:hsv_visualisation' on page 5 undefined on input l
ine 68.

<graphics/hsv_cube.png, id=42, 331.2375pt x 203.76125pt>
File: graphics/hsv_cube.png Graphic file (type png)

<use graphics/hsv_cube.png>
Package pdftex.def Info: graphics/hsv_cube.png used on input line 73.
(pdftex.def)             Requested size: 151.76854pt x 93.3582pt.

Underfull \hbox (badness 1917) in paragraph at lines 74--74
[]\OT1/cmr/m/n/9 (a) |The RGB cube viewed along
 []

<graphics/hsv_rescale1.png, id=43, 288.07625pt x 249.93375pt>
File: graphics/hsv_rescale1.png Graphic file (type png)

<use graphics/hsv_rescale1.png>
Package pdftex.def Info: graphics/hsv_rescale1.png used on input line 81.
(pdftex.def)             Requested size: 151.76854pt x 131.67863pt.

<graphics/hsv_rescale2.png, id=44, 291.0875pt x 249.93375pt>
File: graphics/hsv_rescale2.png Graphic file (type png)

<use graphics/hsv_rescale2.png>
Package pdftex.def Info: graphics/hsv_rescale2.png used on input line 89.
(pdftex.def)             Requested size: 151.76854pt x 130.31334pt.
 [5 <./graphics/rgb_cube.png>]

LaTeX Warning: Citation `lab_blogspot' on page 6 undefined on input line 102.


LaTeX Warning: Citation `lab_blogspot' on page 6 undefined on input line 102.

<graphics/lab_space.jpg, id=56, 702.625pt x 702.625pt>
File: graphics/lab_space.jpg Graphic file (type jpg)

<use graphics/lab_space.jpg>
Package pdftex.def Info: graphics/lab_space.jpg used on input line 103.
(pdftex.def)             Requested size: 119.44466pt x 119.44466pt.


LaTeX Warning: Reference `fig:colSpaces' on page 6 undefined on input line 111.


<graphics/colorSpaces.png, id=57, 1374.13374pt x 593.21625pt>
File: graphics/colorSpaces.png Graphic file (type png)

<use graphics/colorSpaces.png>
Package pdftex.def Info: graphics/colorSpaces.png used on input line 115.
(pdftex.def)             Requested size: 412.2433pt x 177.96625pt.


LaTeX Warning: Reference `sec:FFT' on page 6 undefined on input line 120.


LaTeX Warning: Reference `sec:SVD' on page 6 undefined on input line 120.

[6 <./graphics/hsv_cube.png> <./graphics/hsv_rescale1.png> <./graphics/hsv_resc
ale2.png> <./graphics/lab_space.jpg>]
<graphics/colorHistogram.png, id=69, 887.315pt x 432.61626pt>
File: graphics/colorHistogram.png Graphic file (type png)

<use graphics/colorHistogram.png>
Package pdftex.def Info: graphics/colorHistogram.png used on input line 124.
(pdftex.def)             Requested size: 266.19655pt x 129.78587pt.


LaTeX Warning: Citation `HSV_non_uniform' on page 7 undefined on input line 129
.


LaTeX Warning: Reference `sec:colorSpaces' on page 7 undefined on input line 13
1.


LaTeX Warning: Reference `chap:analysis' on page 7 undefined on input line 131.



LaTeX Warning: Citation `GaussQunatization' on page 7 undefined on input line 1
31.

[7 <./graphics/colorSpaces.png> <./graphics/colorHistogram.png>]
<graphics/original.png, id=77, 256.96pt x 256.96pt>
File: graphics/original.png Graphic file (type png)

<use graphics/original.png>
Package pdftex.def Info: graphics/original.png used on input line 146.
(pdftex.def)             Requested size: 101.17645pt x 101.17853pt.
 <graphics/phase.png, id=78, 256.96pt x 256.96pt>
File: graphics/phase.png Graphic file (type png)

<use graphics/phase.png>
Package pdftex.def Info: graphics/phase.png used on input line 154.
(pdftex.def)             Requested size: 101.17645pt x 101.17853pt.
 <graphics/ampl.png, id=79, 321.8424pt x 322.806pt>
File: graphics/ampl.png Graphic file (type png)

<use graphics/ampl.png>
Package pdftex.def Info: graphics/ampl.png used on input line 162.
(pdftex.def)             Requested size: 101.17645pt x 101.47754pt.


LaTeX Warning: Citation `gist_descriptor' on page 8 undefined on input line 174
.

File: graphics/original.png Graphic file (type png)
<use graphics/original.png>
Package pdftex.def Info: graphics/original.png used on input line 178.
(pdftex.def)             Requested size: 101.17645pt x 101.17853pt.

<graphics/flat_power.jpg, id=80, 256.96pt x 256.96pt>
File: graphics/flat_power.jpg Graphic file (type jpg)

<use graphics/flat_power.jpg>
Package pdftex.def Info: graphics/flat_power.jpg used on input line 186.
(pdftex.def)             Requested size: 101.17645pt x 101.17853pt.

<graphics/randomized_phase.jpg, id=81, 256.96pt x 256.96pt>
File: graphics/randomized_phase.jpg Graphic file (type jpg)

<use graphics/randomized_phase.jpg>
Package pdftex.def Info: graphics/randomized_phase.jpg used on input line 194.
(pdftex.def)             Requested size: 101.17645pt x 101.17853pt.
 [8 <./graphics/original.png (PNG copy)> <./graphics/phase.png (PNG copy)> <./g
raphics/ampl.png>]

LaTeX Warning: Citation `gist_descriptor' on page 9 undefined on input line 200
.


LaTeX Warning: Reference `fig:fft_localization' on page 9 undefined on input li
ne 204.

<graphics/graph_fft_1.jpg, id=92, 494.84875pt x 284.06125pt>
File: graphics/graph_fft_1.jpg Graphic file (type jpg)

<use graphics/graph_fft_1.jpg>
Package pdftex.def Info: graphics/graph_fft_1.jpg used on input line 209.
(pdftex.def)             Requested size: 101.17645pt x 58.07689pt.

<graphics/graph_fft_2.jpg, id=93, 495.8525pt x 281.05pt>
File: graphics/graph_fft_2.jpg Graphic file (type jpg)

<use graphics/graph_fft_2.jpg>
Package pdftex.def Info: graphics/graph_fft_2.jpg used on input line 217.
(pdftex.def)             Requested size: 101.17645pt x 57.34544pt.

<graphics/graph_fft_3.jpg, id=94, 492.84125pt x 256.96pt>
File: graphics/graph_fft_3.jpg Graphic file (type jpg)

<use graphics/graph_fft_3.jpg>
Package pdftex.def Info: graphics/graph_fft_3.jpg used on input line 225.
(pdftex.def)             Requested size: 101.17645pt x 52.75163pt.

<graphics/graph_fft_4.jpg, id=95, 491.8375pt x 264.99pt>
File: graphics/graph_fft_4.jpg Graphic file (type jpg)

<use graphics/graph_fft_4.jpg>
Package pdftex.def Info: graphics/graph_fft_4.jpg used on input line 231.
(pdftex.def)             Requested size: 101.17645pt x 54.5093pt.


LaTeX Warning: `h' float specifier changed to `ht'.


LaTeX Warning: Reference `fig:fft_low_freq_order' on page 9 undefined on input 
line 242.

<graphics/FrequencyOrdered.png, id=96, 1147.28625pt x 435.6275pt>
File: graphics/FrequencyOrdered.png Graphic file (type png)

<use graphics/FrequencyOrdered.png>
Package pdftex.def Info: graphics/FrequencyOrdered.png used on input line 246.
(pdftex.def)             Requested size: 344.18852pt x 130.68925pt.
 [9 <./graphics/flat_power.jpg> <./graphics/randomized_phase.jpg>]

LaTeX Warning: Reference `fig:freqDescriptor' on page 10 undefined on input lin
e 254.

<graphics/freq_bins.png, id=104, 620.3175pt x 628.3475pt>
File: graphics/freq_bins.png Graphic file (type png)

<use graphics/freq_bins.png>
Package pdftex.def Info: graphics/freq_bins.png used on input line 257.
(pdftex.def)             Requested size: 186.09668pt x 188.50569pt.


LaTeX Warning: Reference `chap:analysis' on page 10 undefined on input line 262
.


Underfull \hbox (badness 10000) in paragraph at lines 262--263

 []

[10 <./graphics/graph_fft_1.jpg> <./graphics/graph_fft_2.jpg> <./graphics/graph
_fft_3.jpg> <./graphics/graph_fft_4.jpg> <./graphics/FrequencyOrdered.png>]

LaTeX Warning: Citation `using_svd' on page 11 undefined on input line 270.


LaTeX Warning: Citation `using_svd' on page 11 undefined on input line 274.

[11 <./graphics/freq_bins.png>]

LaTeX Warning: Citation `svd_image_coding' on page 12 undefined on input line 2
79.

<graphics/guy.jpg, id=121, 1386.17876pt x 877.2775pt>
File: graphics/guy.jpg Graphic file (type jpg)
 <use graphics/guy.jpg>
Package pdftex.def Info: graphics/guy.jpg used on input line 285.
(pdftex.def)             Requested size: 202.3529pt x 128.052pt.

<graphics/guyTopCompressions.png, id=122, 672.914pt x 444.862pt>
File: graphics/guyTopCompressions.png Graphic file (type png)

<use graphics/guyTopCompressions.png>
Package pdftex.def Info: graphics/guyTopCompressions.png used on input line 289
.
(pdftex.def)             Requested size: 202.3529pt x 133.77187pt.


LaTeX Warning: Citation `svd_image_retrieval' on page 12 undefined on input lin
e 299.


LaTeX Warning: Reference `fig:rank1_images' on page 12 undefined on input line 
301.

<graphics/horizontalGrad.png, id=123, 256.96pt x 256.96pt>
File: graphics/horizontalGrad.png Graphic file (type png)

<use graphics/horizontalGrad.png>
Package pdftex.def Info: graphics/horizontalGrad.png used on input line 306.
(pdftex.def)             Requested size: 101.17645pt x 101.17853pt.

<graphics/smallVertical.png, id=124, 61.6704pt x 61.6704pt>
File: graphics/smallVertical.png Graphic file (type png)

<use graphics/smallVertical.png>
Package pdftex.def Info: graphics/smallVertical.png used on input line 311.
(pdftex.def)             Requested size: 101.17645pt x 101.18617pt.

<graphics/smallHorizontal.png, id=125, 61.6704pt x 61.6704pt>
File: graphics/smallHorizontal.png Graphic file (type png)

<use graphics/smallHorizontal.png>
Package pdftex.def Info: graphics/smallHorizontal.png used on input line 316.
(pdftex.def)             Requested size: 101.17645pt x 101.18617pt.
 [12 <./graphics/guy.jpg> <./graphics/guyTopCompressions.png (PNG copy)>]

LaTeX Warning: Reference `fig:rand_images' on page 13 undefined on input line 3
23.

<graphics/randomFullSpace.png, id=134, 256.96pt x 256.96pt>
File: graphics/randomFullSpace.png Graphic file (type png)

<use graphics/randomFullSpace.png>
Package pdftex.def Info: graphics/randomFullSpace.png used on input line 328.
(pdftex.def)             Requested size: 101.17645pt x 101.17853pt.

<graphics/randomBottomHalfSpace.png, id=135, 256.96pt x 256.96pt>
File: graphics/randomBottomHalfSpace.png Graphic file (type png)

<use graphics/randomBottomHalfSpace.png>
Package pdftex.def Info: graphics/randomBottomHalfSpace.png used on input line 
333.
(pdftex.def)             Requested size: 101.17645pt x 101.17853pt.

<graphics/randomBottomQuarterSpace.png, id=136, 256.96pt x 256.96pt>
File: graphics/randomBottomQuarterSpace.png Graphic file (type png)

<use graphics/randomBottomQuarterSpace.png>
Package pdftex.def Info: graphics/randomBottomQuarterSpace.png used on input li
ne 338.
(pdftex.def)             Requested size: 101.17645pt x 101.17853pt.

<graphics/singular_values_color_space.pdf, id=137, 442.65375pt x 337.26pt>
File: graphics/singular_values_color_space.pdf Graphic file (type pdf)

<use graphics/singular_values_color_space.pdf>
Package pdftex.def Info: graphics/singular_values_color_space.pdf used on input
 line 343.
(pdftex.def)             Requested size: 303.53708pt x 231.279pt.


LaTeX Warning: Reference `fig:rank1_images' on page 13 undefined on input line 
350.


LaTeX Warning: Reference `fig:rand_images' on page 13 undefined on input line 3
50.


LaTeX Warning: Reference `fig:rand_symmetry' on page 13 undefined on input line
 350.

[13 <./graphics/horizontalGrad.png (PNG copy)> <./graphics/smallVertical.png> <
./graphics/smallHorizontal.png> <./graphics/randomFullSpace.png (PNG copy)> <./
graphics/randomBottomHalfSpace.png (PNG copy)> <./graphics/randomBottomQuarterS
pace.png (PNG copy)> <./graphics/singular_values_color_space.pdf>]
<graphics/singular_values_symmetry.pdf, id=171, 449.68pt x 338.26375pt>
File: graphics/singular_values_symmetry.pdf Graphic file (type pdf)

<use graphics/singular_values_symmetry.pdf>
Package pdftex.def Info: graphics/singular_values_symmetry.pdf used on input li
ne 354.
(pdftex.def)             Requested size: 303.53708pt x 228.3388pt.


LaTeX Warning: Reference `fig:rand_symmetry' on page 14 undefined on input line
 359.

<graphics/coast.png, id=172, 256.96pt x 256.96pt>
File: graphics/coast.png Graphic file (type png)
 <use graphics/coast.png>
Package pdftex.def Info: graphics/coast.png used on input line 365.
(pdftex.def)             Requested size: 86.00037pt x 86.00076pt.

<graphics/forest.png, id=173, 256.96pt x 256.96pt>
File: graphics/forest.png Graphic file (type png)
 <use graphics/forest.png>
Package pdftex.def Info: graphics/forest.png used on input line 369.
(pdftex.def)             Requested size: 86.00037pt x 86.00076pt.

<graphics/street.png, id=174, 256.96pt x 256.96pt>
File: graphics/street.png Graphic file (type png)
 <use graphics/street.png>
Package pdftex.def Info: graphics/street.png used on input line 376.
(pdftex.def)             Requested size: 86.00037pt x 86.00076pt.

<graphics/tallbuilding.png, id=175, 256.96pt x 256.96pt>
File: graphics/tallbuilding.png Graphic file (type png)

<use graphics/tallbuilding.png>
Package pdftex.def Info: graphics/tallbuilding.png used on input line 380.
(pdftex.def)             Requested size: 86.00037pt x 86.00076pt.

<graphics/singular_values_natural_images_log.pdf, id=176, 449.68pt x 338.26375p
t>
File: graphics/singular_values_natural_images_log.pdf Graphic file (type pdf)
 <use graphics/singular_values_natural_images_log.pdf>
Package pdftex.def Info: graphics/singular_values_natural_images_log.pdf used o
n input line 385.
(pdftex.def)             Requested size: 278.24104pt x 209.30843pt.
 [14 <./graphics/singular_values_symmetry.pdf>]

LaTeX Warning: Reference `fig:singular_values_natural' on page 15 undefined on 
input line 392.


LaTeX Warning: Reference `fig:rank1_images' on page 15 undefined on input line 
396.

<graphics/singular_vectors_gradient.pdf, id=215, 136.51pt x 378.41376pt>
File: graphics/singular_vectors_gradient.pdf Graphic file (type pdf)

<use graphics/singular_vectors_gradient.pdf>
Package pdftex.def Info: graphics/singular_vectors_gradient.pdf used on input l
ine 401.
(pdftex.def)             Requested size: 101.17645pt x 280.4664pt.

<graphics/singular_vectors_horizontal.pdf, id=216, 144.54pt x 402.50375pt>
File: graphics/singular_vectors_horizontal.pdf Graphic file (type pdf)

<use graphics/singular_vectors_horizontal.pdf>
Package pdftex.def Info: graphics/singular_vectors_horizontal.pdf used on input
 line 406.
(pdftex.def)             Requested size: 101.17645pt x 281.74455pt.

<graphics/singular_vectors_vertical.pdf, id=217, 137.51375pt x 401.5pt>
File: graphics/singular_vectors_vertical.pdf Graphic file (type pdf)

<use graphics/singular_vectors_vertical.pdf>
Package pdftex.def Info: graphics/singular_vectors_vertical.pdf used on input l
ine 411.
(pdftex.def)             Requested size: 96.12033pt x 280.64986pt.
 [15 <./graphics/coast.png (PNG copy)> <./graphics/forest.png (PNG copy)> <./gr
aphics/street.png (PNG copy)> <./graphics/tallbuilding.png (PNG copy)> <./graph
ics/singular_values_natural_images_log.pdf>]

LaTeX Warning: Reference `fig:rank1_vectors' on page 16 undefined on input line
 418.


LaTeX Warning: Reference `fig:rand_symmetry' on page 16 undefined on input line
 418.

<graphics/singular_vectors_diagonal.pdf, id=277, 653.44125pt x 337.26pt>
File: graphics/singular_vectors_diagonal.pdf Graphic file (type pdf)

<use graphics/singular_vectors_diagonal.pdf>
Package pdftex.def Info: graphics/singular_vectors_diagonal.pdf used on input l
ine 422.
(pdftex.def)             Requested size: 505.89pt x 261.10104pt.
 [16 <./graphics/singular_vectors_gradient.pdf> <./graphics/singular_vectors_ho
rizontal.pdf

pdfTeX warning: /usr/texbin/pdflatex (file ./graphics/singular_vectors_horizont
al.pdf): PDF inclusion: multiple pdfs with page group included in a single page

> <./graphics/singular_vectors_vertical.pdf

pdfTeX warning: /usr/texbin/pdflatex (file ./graphics/singular_vectors_vertical
.pdf): PDF inclusion: multiple pdfs with page group included in a single page
>]

LaTeX Warning: Reference `fig:diagonal_vectors' on page 17 undefined on input l
ine 427.


LaTeX Warning: Reference `fig:rank1_vectors' on page 17 undefined on input line
 427.

<graphics/singular_vectors_coast.pdf, id=387, 350.30875pt x 338.26375pt>
File: graphics/singular_vectors_coast.pdf Graphic file (type pdf)

<use graphics/singular_vectors_coast.pdf>
Package pdftex.def Info: graphics/singular_vectors_coast.pdf used on input line
 432.
(pdftex.def)             Requested size: 242.82503pt x 234.48097pt.

<graphics/singular_vectors_forest.pdf, id=388, 350.30875pt x 338.26375pt>
File: graphics/singular_vectors_forest.pdf Graphic file (type pdf)

<use graphics/singular_vectors_forest.pdf>
Package pdftex.def Info: graphics/singular_vectors_forest.pdf used on input lin
e 436.
(pdftex.def)             Requested size: 242.82503pt x 234.48097pt.


LaTeX Warning: Reference `fig:natural_vectors' on page 17 undefined on input li
ne 443.


LaTeX Warning: Reference `fig:singular_values_natural' on page 17 undefined on 
input line 443.

[17 <./graphics/singular_vectors_diagonal.pdf> <./graphics/singular_vectors_coa
st.pdf

pdfTeX warning: /usr/texbin/pdflatex (file ./graphics/singular_vectors_coast.pd
f): PDF inclusion: multiple pdfs with page group included in a single page
> <./graphics/singular_vectors_forest.pdf

pdfTeX warning: /usr/texbin/pdflatex (file ./graphics/singular_vectors_forest.p
df): PDF inclusion: multiple pdfs with page group included in a single page
>]

LaTeX Warning: Reference `fig:natural_vectors' on page 18 undefined on input li
ne 451.

[18]
Chapter 3.
[19

]
Chapter 4.
[20

]
Underfull \hbox (badness 1033) in paragraph at lines 509--513
[]\OT1/cmr/m/n/10 Agoston, Max K. \OT1/cmr/m/it/10 Com-puter Graph-ics and Ge-o
-met-ric Mod-elling: Math-e-mat-ics\OT1/cmr/m/n/10 . Springer; 2005 edi-tion,
 []

Package atveryend Info: Empty hook `BeforeClearDocument' on input line 534.
[21

]
Package atveryend Info: Empty hook `AfterLastShipout' on input line 534.
 (./report.aux)
Package atveryend Info: Executing hook `AtVeryEndDocument' on input line 534.
Package atveryend Info: Executing hook `AtEndAfterFileList' on input line 534.


Package rerunfilecheck Warning: File `report.out' has changed.
(rerunfilecheck)                Rerun to get outlines right
(rerunfilecheck)                or use package `bookmark'.

Package rerunfilecheck Info: Checksums for `report.out':
(rerunfilecheck)             Before: <no file>
(rerunfilecheck)             After:  61575A25202E00C248D20556B99E8DC4;1654.

LaTeX Warning: There were undefined references.


LaTeX Warning: Label(s) may have changed. Rerun to get cross-references right.

Package atveryend Info: Empty hook `AtVeryVeryEnd' on input line 534.
 ) 
Here is how much of TeX's memory you used:
 7093 strings out of 493315
 111866 string characters out of 6137904
 196522 words of memory out of 5000000
 10368 multiletter control sequences out of 15000+600000
 14774 words of font info for 57 fonts, out of 8000000 for 9000
 957 hyphenation exceptions out of 8191
 36i,11n,38p,1737b,511s stack positions out of 5000i,500n,10000p,200000b,80000s
</usr/local/texlive/2013/texmf-dist/fonts/type1/public/amsfonts/cm/cmbx10.pfb
></usr/local/texlive/2013/texmf-dist/fonts/type1/public/amsfonts/cm/cmbx12.pfb>
</usr/local/texlive/2013/texmf-dist/fonts/type1/public/amsfonts/cm/cmex10.pfb><
/usr/local/texlive/2013/texmf-dist/fonts/type1/public/amsfonts/cm/cmmi10.pfb></
usr/local/texlive/2013/texmf-dist/fonts/type1/public/amsfonts/cm/cmmi5.pfb></us
r/local/texlive/2013/texmf-dist/fonts/type1/public/amsfonts/cm/cmmi7.pfb></usr/
local/texlive/2013/texmf-dist/fonts/type1/public/amsfonts/cm/cmmi9.pfb></usr/lo
cal/texlive/2013/texmf-dist/fonts/type1/public/amsfonts/cm/cmr10.pfb></usr/loca
l/texlive/2013/texmf-dist/fonts/type1/public/amsfonts/cm/cmr12.pfb></usr/local/
texlive/2013/texmf-dist/fonts/type1/public/amsfonts/cm/cmr17.pfb></usr/local/te
xlive/2013/texmf-dist/fonts/type1/public/amsfonts/cm/cmr5.pfb></usr/local/texli
ve/2013/texmf-dist/fonts/type1/public/amsfonts/cm/cmr7.pfb></usr/local/texlive/
2013/texmf-dist/fonts/type1/public/amsfonts/cm/cmr9.pfb></usr/local/texlive/201
3/texmf-dist/fonts/type1/public/amsfonts/cm/cmsy10.pfb></usr/local/texlive/2013
/texmf-dist/fonts/type1/public/amsfonts/cm/cmsy5.pfb></usr/local/texlive/2013/t
exmf-dist/fonts/type1/public/amsfonts/cm/cmsy7.pfb></usr/local/texlive/2013/tex
mf-dist/fonts/type1/public/amsfonts/cm/cmsy9.pfb></usr/local/texlive/2013/texmf
-dist/fonts/type1/public/amsfonts/cm/cmti10.pfb></usr/local/texlive/2013/texmf-
dist/fonts/type1/public/amsfonts/cm/cmtt10.pfb></usr/local/texlive/2013/texmf-d
ist/fonts/type1/public/amsfonts/symbols/msbm10.pfb>
Output written on report.pdf (22 pages, 3045116 bytes).
PDF statistics:
 730 PDF objects out of 1000 (max. 8388607)
 498 compressed objects within 5 object streams
 80 named destinations out of 1000 (max. 500000)
 196 words of extra memory for PDF output out of 10000 (max. 10000000)

