\BOOKMARK [0][-]{chapter.1}{Introduction}{}% 1
\BOOKMARK [1][-]{section.1.1}{Abstract}{chapter.1}% 2
\BOOKMARK [1][-]{section.1.2}{Motivation}{chapter.1}% 3
\BOOKMARK [0][-]{chapter.2}{Methods}{}% 4
\BOOKMARK [1][-]{section.2.1}{Data}{chapter.2}% 5
\BOOKMARK [1][-]{section.2.2}{Implementation}{chapter.2}% 6
\BOOKMARK [1][-]{section.2.3}{Color Analysis}{chapter.2}% 7
\BOOKMARK [2][-]{subsection.2.3.1}{Color Spaces}{section.2.3}% 8
\BOOKMARK [2][-]{subsection.2.3.2}{Color-based Descriptors}{section.2.3}% 9
\BOOKMARK [1][-]{section.2.4}{Fourier Transform}{chapter.2}% 10
\BOOKMARK [2][-]{subsection.2.4.1}{Amplitude and Phase Analysis}{section.2.4}% 11
\BOOKMARK [2][-]{subsection.2.4.2}{Localization fact}{section.2.4}% 12
\BOOKMARK [2][-]{subsection.2.4.3}{Frequency-Based Descriptor}{section.2.4}% 13
\BOOKMARK [1][-]{section.2.5}{Singular Value Decomposition}{chapter.2}% 14
\BOOKMARK [2][-]{subsection.2.5.1}{SVD and Compression}{section.2.5}% 15
\BOOKMARK [2][-]{subsection.2.5.2}{Singular Values}{section.2.5}% 16
\BOOKMARK [2][-]{subsection.2.5.3}{Singular Vectors}{section.2.5}% 17
\BOOKMARK [2][-]{subsection.2.5.4}{A meaningful descriptor}{section.2.5}% 18
\BOOKMARK [0][-]{chapter.3}{Analysis}{}% 19
\BOOKMARK [1][-]{section.3.1}{Overview of best performing descriptors}{chapter.3}% 20
\BOOKMARK [2][-]{subsection.3.1.1}{ Color-Based Descriptor }{section.3.1}% 21
\BOOKMARK [2][-]{subsection.3.1.2}{ Frequency-Based Descriptor }{section.3.1}% 22
\BOOKMARK [2][-]{subsection.3.1.3}{ SVD-Based Descriptor}{section.3.1}% 23
\BOOKMARK [1][-]{section.3.2}{Windowed descriptors}{chapter.3}% 24
\BOOKMARK [1][-]{section.3.3}{Collection understanding methods}{chapter.3}% 25
\BOOKMARK [1][-]{section.3.4}{Non-Windowed Performance}{chapter.3}% 26
\BOOKMARK [1][-]{section.3.5}{Windowed Performance}{chapter.3}% 27
\BOOKMARK [0][-]{chapter.4}{Conclusions and Further Work}{}% 28
\BOOKMARK [1][-]{section.4.1}{Appendix}{chapter.4}% 29
